201129 185506.332|CONFIG|qtp1823409783-23|setFileHandlers|Now logging to /usr/local/pc2/logs directory.
201129 185506.333|INFO|qtp1823409783-23|info|
201129 185506.333|INFO|qtp1823409783-23|info|Version 9 () Java ver 11.0.8 build  Linux 5.4.0-1025-aws (amd64) 
201129 185506.333|INFO|qtp1823409783-23|startLog|Working directory is /usr/local/pc2
201129 185506.367|INFO|qtp1823409783-23|startLog|Process id is 15909@scoreboard3
201129 185506.367|INFO|qtp1823409783-23|start|Starting ConnectionManager...
201129 185506.372|INFO|qtp1823409783-23|start|Started ConnectionManager
201129 185506.372|INFO|qtp1823409783-23|setClientServerAndPort|INIFile File location: file:/usr/local/pc2/pc2v9.ini
201129 185506.372|INFO|qtp1823409783-23|setClientServerAndPort|setClientServerAndPort 10.0.3.175 parsed as 10.0.3.175 port 50002
201129 185506.373|INFO|qtp1823409783-23|info|Contacting server at 10.0.3.175:50002
201129 185506.373|INFO|qtp1823409783-23|connectToMyServer|Connecting to 10.0.3.175:50002
201129 185532.977|INFO|Thread-22|receive|EOFException in receive for Socket[addr=/10.0.3.175,port=50002,localport=57320]-6989789199391113699
|java.io.EOFException: null
|    at java.io.ObjectInputStream$BlockDataInputStream.peekByte (ObjectInputStream.java:3141)
|    at java.io.ObjectInputStream.readObject0 (ObjectInputStream.java:1619)
|    at java.io.ObjectInputStream.readObject (ObjectInputStream.java:482)
|    at java.io.ObjectInputStream.readObject (ObjectInputStream.java:440)
|    at edu.csus.ecs.pc2.core.transport.ConnectionHandlerThread.receive (ConnectionHandlerThread.java:152)
|    at edu.csus.ecs.pc2.core.transport.ConnectionHandlerClientThread.run (ConnectionHandlerClientThread.java:66)
201129 185532.979|FINER|Thread-22|run|THROW
|edu.csus.ecs.pc2.core.transport.TransportException: null
|    at edu.csus.ecs.pc2.core.transport.ConnectionHandlerThread.receive (ConnectionHandlerThread.java:159)
|    at edu.csus.ecs.pc2.core.transport.ConnectionHandlerClientThread.run (ConnectionHandlerClientThread.java:66)
201129 185532.979|FINER|Thread-22|run - e.getmessage is null()|THROW
|edu.csus.ecs.pc2.core.transport.TransportException: null
|    at edu.csus.ecs.pc2.core.transport.ConnectionHandlerThread.receive (ConnectionHandlerThread.java:159)
|    at edu.csus.ecs.pc2.core.transport.ConnectionHandlerClientThread.run (ConnectionHandlerClientThread.java:66)
