201130 181203.558|CONFIG|qtp934275857-71|setFileHandlers|Now logging to /usr/local/pc2/logs directory.
201130 181203.558|INFO|qtp934275857-71|info|
201130 181203.558|INFO|qtp934275857-71|info|Version 9 () Java ver 11.0.9.1 build  Linux 5.4.0-1025-aws (amd64) 
201130 181203.558|INFO|qtp934275857-71|info|Login: team1 (aka team1)
201130 181203.559|INFO|qtp934275857-71|startLog|Working directory is /usr/local/pc2
201130 181203.559|INFO|qtp934275857-71|startLog|Process id is 47921@scoreboard3
201130 181203.559|INFO|qtp934275857-71|info|Contacting server at 10.0.3.175:50002 as TEAM1 @ site 0
201130 181203.559|INFO|qtp934275857-71|info|sendLoginRequest start - sending from TEAM1 @ site 0
201130 181203.559|INFO|qtp934275857-71|sendToLocalServer|Sending packet to server Packet[LOGIN_REQUEST] #6 TEAM1 @ site 0 -> SERVER0 @ site 0
201130 181203.563|INFO|qtp934275857-71|sendToLocalServer|Sent    packet to server Packet[LOGIN_REQUEST] #6 TEAM1 @ site 0 -> SERVER0 @ site 0
201130 181203.563|INFO|qtp934275857-71|info|sendLoginRequest end - packet sent.
201130 181203.560|INFO|Thread-100|receiveUnencrypted|receiveUnencrypted(TransportWrapper, ConnectionHandlerID=Socket[addr=/10.0.3.175,port=50002,localport=57486]--1685804591945615561)
201130 181203.563|INFO|Thread-101|run|send(Serializable)
201130 181203.568|INFO|Thread-100|receiveUnencrypted|receiveUnencrypted Made a secret key for Socket[addr=/10.0.3.175,port=50002,localport=57486]--1685804591945615561 key is com.sun.crypto.provider.DESKey@184be
201130 181203.568|INFO|Thread-100|getPublicKeyPacket|Generating Unencrypted Public Key Packet
201130 181203.568|INFO|Thread-100|getPublicKeyPacket|checking key:= SunJCE Diffie-Hellman Public Key:
y:
    1e116982 cd449af6 69568305 4ba92e04 ff486e03 397a47dc 18872771 75781d05
    5cb9a98a c000b34c c8de66bc 5675ae35 e1b08697 28fb5cc6 2a8e5ed9 dd52639b
    1e6eaba3 6cb69221 5161868f ee732104 df427387 593c2545 0cbee033 e6d57bf7
    677392b0 37e540bb be1495ca c50c0f46 06d537b9 c7b294f4 e3633626 c8a4a02a
p:
    f488fd58 4e49dbcd 20b49de4 9107366b 336c380d 451d0f7c 88b31c7c 5b2d8ef6
    f3c923c0 43f0a55b 188d8ebb 558cb85d 38d334fd 7c175743 a31d186c de33212c
    b52aff3c e1b12940 18118d7c 84a70a72 d686c403 19c80729 7aca950c d9969fab
    d00a509b 0246d308 3d66a45d 419f9c7c bd894b22 1926baab a25ec355 e92f78c7
g:
    02
l:
    512
201130 181203.569|INFO|Thread-100|getPublicKeyPacket|packet:= edu.csus.ecs.pc2.core.transport.TransportWrapper@22910cee
201130 181203.575|INFO|Thread-100|receive|public void receive(SealedObject TransportPacket, ConnectionHandlerID connectionHandlerID)
201130 181203.578|INFO|Thread-102|info| receiveObject(S) start got Packet[LOGIN_FAILED] #101 SERVER0 @ site 1 -> TEAM1 @ site 0
201130 181203.578|INFO|Thread-102|dumpPacket|Packet LOGIN_FAILED (Seq #101, o#101 ) recieveObject
201130 181203.578|INFO|Thread-102|dumpPacket|  From: SERVER0 @ site 1, oSERVER0 @ site 1 (pc2 @ 10.0.3.175) (Contest Id: Default-7975523185670437173)
201130 181203.578|INFO|Thread-102|dumpPacket|    To: TEAM1 @ site 0
201130 181203.578|INFO|Thread-102|dumpPacket|   key: MESSAGE_STRING is: java.lang.String Invalid password
201130 181203.578|INFO|Thread-102|info|handlePacket start Packet[LOGIN_FAILED] #101 SERVER0 @ site 1 -> TEAM1 @ site 0
201130 181203.578|INFO|Thread-102|dumpPacket|Packet LOGIN_FAILED (Seq #101, o#101 ) handlePacket
201130 181203.578|INFO|Thread-102|dumpPacket|  From: SERVER0 @ site 1, oSERVER0 @ site 1 (pc2 @ 10.0.3.175) (Contest Id: Default-7975523185670437173)
201130 181203.579|INFO|Thread-102|dumpPacket|    To: TEAM1 @ site 0
201130 181203.579|INFO|Thread-102|dumpPacket|   key: MESSAGE_STRING is: java.lang.String Invalid password
201130 181203.579|INFO|Thread-102|info| receiveObject(S) end   got Packet[LOGIN_FAILED] #101 SERVER0 @ site 1 -> TEAM1 @ site 0
