201130 181106.387|CONFIG|qtp934275857-58|setFileHandlers|Now logging to /usr/local/pc2/logs directory.
201130 181106.387|INFO|qtp934275857-58|info|
201130 181106.387|INFO|qtp934275857-58|info|Version 9 () Java ver 11.0.9.1 build  Linux 5.4.0-1025-aws (amd64) 
201130 181106.388|INFO|qtp934275857-58|info|Login: team1 (aka team1)
201130 181106.388|INFO|qtp934275857-58|startLog|Working directory is /usr/local/pc2
201130 181106.388|INFO|qtp934275857-58|startLog|Process id is 47921@scoreboard3
201130 181106.388|INFO|qtp934275857-58|info|Contacting server at 10.0.3.175:50002 as TEAM1 @ site 0
201130 181106.388|INFO|qtp934275857-58|info|sendLoginRequest start - sending from TEAM1 @ site 0
201130 181106.388|INFO|qtp934275857-58|sendToLocalServer|Sending packet to server Packet[LOGIN_REQUEST] #3 TEAM1 @ site 0 -> SERVER0 @ site 0
201130 181106.389|INFO|qtp934275857-58|sendToLocalServer|Sent    packet to server Packet[LOGIN_REQUEST] #3 TEAM1 @ site 0 -> SERVER0 @ site 0
201130 181106.389|INFO|qtp934275857-58|info|sendLoginRequest end - packet sent.
201130 181106.389|INFO|Thread-83|run|send(Serializable)
201130 181106.411|INFO|Thread-82|receiveUnencrypted|receiveUnencrypted(TransportWrapper, ConnectionHandlerID=Socket[addr=/10.0.3.175,port=50002,localport=57478]-3131503396097636711)
201130 181106.415|INFO|Thread-82|receiveUnencrypted|receiveUnencrypted Made a secret key for Socket[addr=/10.0.3.175,port=50002,localport=57478]-3131503396097636711 key is com.sun.crypto.provider.DESKey@fffe7b48
201130 181106.415|INFO|Thread-82|getPublicKeyPacket|Generating Unencrypted Public Key Packet
201130 181106.415|INFO|Thread-82|getPublicKeyPacket|checking key:= SunJCE Diffie-Hellman Public Key:
y:
    a0552f45 9e32054f 865c5ae6 a4bdc399 af38818d 04a4efe7 e3759f0b 7536ef8f
    3ff06da6 bcf233f9 7471bbc1 b46f48f7 4170d9df d6e7e364 9e20a2c5 ad2d77d5
    56098a8f 0840550a f18d2192 a4687860 d2c8e66e 98c6b2f6 8d3cb060 7ce9ea7c
    89f22bff 1d455ce3 1c93e55c 517aca1a 70ff9c05 94b27210 05435b32 28cbbcc5
p:
    f488fd58 4e49dbcd 20b49de4 9107366b 336c380d 451d0f7c 88b31c7c 5b2d8ef6
    f3c923c0 43f0a55b 188d8ebb 558cb85d 38d334fd 7c175743 a31d186c de33212c
    b52aff3c e1b12940 18118d7c 84a70a72 d686c403 19c80729 7aca950c d9969fab
    d00a509b 0246d308 3d66a45d 419f9c7c bd894b22 1926baab a25ec355 e92f78c7
g:
    02
l:
    512
201130 181106.415|INFO|Thread-82|getPublicKeyPacket|packet:= edu.csus.ecs.pc2.core.transport.TransportWrapper@61feb8af
201130 181106.423|INFO|Thread-82|receive|public void receive(SealedObject TransportPacket, ConnectionHandlerID connectionHandlerID)
201130 181106.431|INFO|Thread-84|info| receiveObject(S) start got Packet[LOGIN_SUCCESS] #93 SERVER0 @ site 1 -> TEAM1 @ site 1
201130 181106.432|INFO|Thread-84|dumpPacket|Packet LOGIN_SUCCESS (Seq #93, o#93 ) recieveObject
201130 181106.432|INFO|Thread-84|dumpPacket|  From: SERVER0 @ site 1, oSERVER0 @ site 1 (pc2 @ 10.0.3.175) (Contest Id: Default-7975523185670437173)
201130 181106.432|INFO|Thread-84|dumpPacket|    To: TEAM1 @ site 1
201130 181106.432|INFO|Thread-84|dumpPacket|   key: PROFILE_LIST is: [Ledu.csus.ecs.pc2.core.model.Profile; [Ledu.csus.ecs.pc2.core.model.Profile;@3dabefbf
201130 181106.432|INFO|Thread-84|dumpPacket|   key: GENERAL_PROBLEM is: edu.csus.ecs.pc2.core.model.Problem General
201130 181106.432|INFO|Thread-84|dumpPacket|   key: CLIENT_SETTINGS_LIST is: [Ledu.csus.ecs.pc2.core.model.ClientSettings; [Ledu.csus.ecs.pc2.core.model.ClientSettings;@336c167a
201130 181106.433|INFO|Thread-84|dumpPacket|   key: CONTEST_TIME is: edu.csus.ecs.pc2.core.model.ContestTime edu.csus.ecs.pc2.core.model.ContestTime@375384cf
201130 181106.433|INFO|Thread-84|dumpPacket|   key: CLARIFICATION_LIST is: [Ledu.csus.ecs.pc2.core.model.Clarification; [Ledu.csus.ecs.pc2.core.model.Clarification;@72511c41
201130 181106.433|INFO|Thread-84|dumpPacket|   key: CATEGORY_LIST is: [Ledu.csus.ecs.pc2.core.model.Category; [Ledu.csus.ecs.pc2.core.model.Category;@10e5c3a3
201130 181106.433|INFO|Thread-84|dumpPacket|   key: LANGUAGE_LIST is: [Ledu.csus.ecs.pc2.core.model.Language; [Ledu.csus.ecs.pc2.core.model.Language;@43e9c803
201130 181106.433|INFO|Thread-84|dumpPacket|   key: REMOTE_LOGGED_IN_USERS is: [Ledu.csus.ecs.pc2.core.model.ClientId; [Ledu.csus.ecs.pc2.core.model.ClientId;@68b7494d
201130 181106.433|INFO|Thread-84|dumpPacket|   key: CONTEST_TIME_LIST is: [Ledu.csus.ecs.pc2.core.model.ContestTime; [Ledu.csus.ecs.pc2.core.model.ContestTime;@127ee30e
201130 181106.433|INFO|Thread-84|dumpPacket|   key: CONNECTION_HANDLE_ID_LIST is: [Ledu.csus.ecs.pc2.core.transport.ConnectionHandlerID; [Ledu.csus.ecs.pc2.core.transport.ConnectionHandlerID;@2c38c239
201130 181106.433|INFO|Thread-84|dumpPacket|   key: PROFILE is: edu.csus.ecs.pc2.core.model.Profile Default-7975523185670437173
201130 181106.433|INFO|Thread-84|dumpPacket|   key: CLIENT_ID is: edu.csus.ecs.pc2.core.model.ClientId TEAM1 @ site 1
201130 181106.433|INFO|Thread-84|dumpPacket|   key: SITE_NUMBER is: java.lang.Integer 1
201130 181106.433|INFO|Thread-84|dumpPacket|   key: CONTEST_INFORMATION is: edu.csus.ecs.pc2.core.model.ContestInformation edu.csus.ecs.pc2.core.model.ContestInformation@219cae6d
201130 181106.433|INFO|Thread-84|dumpPacket|   key: SITE_LIST is: [Ledu.csus.ecs.pc2.core.model.Site; [Ledu.csus.ecs.pc2.core.model.Site;@73b36632
201130 181106.433|INFO|Thread-84|dumpPacket|   key: PROBLEM_DATA_FILES is: [Ledu.csus.ecs.pc2.core.model.ProblemDataFiles; [Ledu.csus.ecs.pc2.core.model.ProblemDataFiles;@16309dd9
201130 181106.434|INFO|Thread-84|dumpPacket|   key: JUDGEMENT_LIST is: [Ledu.csus.ecs.pc2.core.model.Judgement; [Ledu.csus.ecs.pc2.core.model.Judgement;@7c73ac2c
201130 181106.434|INFO|Thread-84|dumpPacket|   key: PROBLEM_LIST is: [Ledu.csus.ecs.pc2.core.model.Problem; [Ledu.csus.ecs.pc2.core.model.Problem;@38d89a09
201130 181106.434|INFO|Thread-84|dumpPacket|   key: GROUP_LIST is: [Ledu.csus.ecs.pc2.core.model.Group; [Ledu.csus.ecs.pc2.core.model.Group;@50b2f9d6
201130 181106.434|INFO|Thread-84|dumpPacket|   key: LOCAL_LOGGED_IN_USERS is: [Ledu.csus.ecs.pc2.core.model.ClientId; [Ledu.csus.ecs.pc2.core.model.ClientId;@427e784c
201130 181106.434|INFO|Thread-84|dumpPacket|   key: SERVER_CLOCK_OFFSET is: java.util.GregorianCalendar java.util.GregorianCalendar[time=1606759866420,areFieldsSet=true,areAllFieldsSet=false,lenient=true,zone=sun.util.calendar.ZoneInfo[id="GMT",offset=0,dstSavings=0,useDaylight=false,transitions=0,lastRule=null],firstDayOfWeek=1,minimalDaysInFirstWeek=1,ERA=1,YEAR=2020,MONTH=10,WEEK_OF_YEAR=49,WEEK_OF_MONTH=5,DAY_OF_MONTH=30,DAY_OF_YEAR=335,DAY_OF_WEEK=2,DAY_OF_WEEK_IN_MONTH=5,AM_PM=1,HOUR=6,HOUR_OF_DAY=18,MINUTE=11,SECOND=6,MILLISECOND=420,ZONE_OFFSET=0,DST_OFFSET=0]
201130 181106.434|INFO|Thread-84|dumpPacket|   key: CONTEST_IDENTIFIER is: java.lang.String Default-7975523185670437173
201130 181106.434|INFO|Thread-84|dumpPacket|   key: BALLOON_SETTINGS_LIST is: [Ledu.csus.ecs.pc2.core.model.BalloonSettings; [Ledu.csus.ecs.pc2.core.model.BalloonSettings;@230daee3
201130 181106.434|INFO|Thread-84|dumpPacket|   key: RUN_LIST is: [Ledu.csus.ecs.pc2.core.model.Run; [Ledu.csus.ecs.pc2.core.model.Run;@5f797059
201130 181106.434|INFO|Thread-84|dumpPacket|   key: ACCOUNT_ARRAY is: [Ledu.csus.ecs.pc2.core.model.Account; [Ledu.csus.ecs.pc2.core.model.Account;@18c24e29
201130 181106.434|INFO|Thread-84|info|handlePacket start Packet[LOGIN_SUCCESS] #93 SERVER0 @ site 1 -> TEAM1 @ site 1
201130 181106.434|INFO|Thread-84|dumpPacket|Packet LOGIN_SUCCESS (Seq #93, o#93 ) handlePacket
201130 181106.434|INFO|Thread-84|dumpPacket|  From: SERVER0 @ site 1, oSERVER0 @ site 1 (pc2 @ 10.0.3.175) (Contest Id: Default-7975523185670437173)
201130 181106.434|INFO|Thread-84|dumpPacket|    To: TEAM1 @ site 1
201130 181106.435|INFO|Thread-84|dumpPacket|   key: PROFILE_LIST is: [Ledu.csus.ecs.pc2.core.model.Profile; [Ledu.csus.ecs.pc2.core.model.Profile;@3dabefbf
201130 181106.435|INFO|Thread-84|dumpPacket|   key: GENERAL_PROBLEM is: edu.csus.ecs.pc2.core.model.Problem General
201130 181106.435|INFO|Thread-84|dumpPacket|   key: CLIENT_SETTINGS_LIST is: [Ledu.csus.ecs.pc2.core.model.ClientSettings; [Ledu.csus.ecs.pc2.core.model.ClientSettings;@336c167a
201130 181106.435|INFO|Thread-84|dumpPacket|   key: CONTEST_TIME is: edu.csus.ecs.pc2.core.model.ContestTime edu.csus.ecs.pc2.core.model.ContestTime@375384cf
201130 181106.435|INFO|Thread-84|dumpPacket|   key: CLARIFICATION_LIST is: [Ledu.csus.ecs.pc2.core.model.Clarification; [Ledu.csus.ecs.pc2.core.model.Clarification;@72511c41
201130 181106.435|INFO|Thread-84|dumpPacket|   key: CATEGORY_LIST is: [Ledu.csus.ecs.pc2.core.model.Category; [Ledu.csus.ecs.pc2.core.model.Category;@10e5c3a3
201130 181106.435|INFO|Thread-84|dumpPacket|   key: LANGUAGE_LIST is: [Ledu.csus.ecs.pc2.core.model.Language; [Ledu.csus.ecs.pc2.core.model.Language;@43e9c803
201130 181106.435|INFO|Thread-84|dumpPacket|   key: REMOTE_LOGGED_IN_USERS is: [Ledu.csus.ecs.pc2.core.model.ClientId; [Ledu.csus.ecs.pc2.core.model.ClientId;@68b7494d
201130 181106.435|INFO|Thread-84|dumpPacket|   key: CONTEST_TIME_LIST is: [Ledu.csus.ecs.pc2.core.model.ContestTime; [Ledu.csus.ecs.pc2.core.model.ContestTime;@127ee30e
201130 181106.436|INFO|Thread-84|dumpPacket|   key: CONNECTION_HANDLE_ID_LIST is: [Ledu.csus.ecs.pc2.core.transport.ConnectionHandlerID; [Ledu.csus.ecs.pc2.core.transport.ConnectionHandlerID;@2c38c239
201130 181106.436|INFO|Thread-84|dumpPacket|   key: PROFILE is: edu.csus.ecs.pc2.core.model.Profile Default-7975523185670437173
201130 181106.436|INFO|Thread-84|dumpPacket|   key: CLIENT_ID is: edu.csus.ecs.pc2.core.model.ClientId TEAM1 @ site 1
201130 181106.436|INFO|Thread-84|dumpPacket|   key: SITE_NUMBER is: java.lang.Integer 1
201130 181106.436|INFO|Thread-84|dumpPacket|   key: CONTEST_INFORMATION is: edu.csus.ecs.pc2.core.model.ContestInformation edu.csus.ecs.pc2.core.model.ContestInformation@219cae6d
201130 181106.436|INFO|Thread-84|dumpPacket|   key: SITE_LIST is: [Ledu.csus.ecs.pc2.core.model.Site; [Ledu.csus.ecs.pc2.core.model.Site;@73b36632
201130 181106.436|INFO|Thread-84|dumpPacket|   key: PROBLEM_DATA_FILES is: [Ledu.csus.ecs.pc2.core.model.ProblemDataFiles; [Ledu.csus.ecs.pc2.core.model.ProblemDataFiles;@16309dd9
201130 181106.436|INFO|Thread-84|dumpPacket|   key: JUDGEMENT_LIST is: [Ledu.csus.ecs.pc2.core.model.Judgement; [Ledu.csus.ecs.pc2.core.model.Judgement;@7c73ac2c
201130 181106.436|INFO|Thread-84|dumpPacket|   key: PROBLEM_LIST is: [Ledu.csus.ecs.pc2.core.model.Problem; [Ledu.csus.ecs.pc2.core.model.Problem;@38d89a09
201130 181106.436|INFO|Thread-84|dumpPacket|   key: GROUP_LIST is: [Ledu.csus.ecs.pc2.core.model.Group; [Ledu.csus.ecs.pc2.core.model.Group;@50b2f9d6
201130 181106.436|INFO|Thread-84|dumpPacket|   key: LOCAL_LOGGED_IN_USERS is: [Ledu.csus.ecs.pc2.core.model.ClientId; [Ledu.csus.ecs.pc2.core.model.ClientId;@427e784c
201130 181106.436|INFO|Thread-84|dumpPacket|   key: SERVER_CLOCK_OFFSET is: java.util.GregorianCalendar java.util.GregorianCalendar[time=1606759866420,areFieldsSet=true,areAllFieldsSet=false,lenient=true,zone=sun.util.calendar.ZoneInfo[id="GMT",offset=0,dstSavings=0,useDaylight=false,transitions=0,lastRule=null],firstDayOfWeek=1,minimalDaysInFirstWeek=1,ERA=1,YEAR=2020,MONTH=10,WEEK_OF_YEAR=49,WEEK_OF_MONTH=5,DAY_OF_MONTH=30,DAY_OF_YEAR=335,DAY_OF_WEEK=2,DAY_OF_WEEK_IN_MONTH=5,AM_PM=1,HOUR=6,HOUR_OF_DAY=18,MINUTE=11,SECOND=6,MILLISECOND=420,ZONE_OFFSET=0,DST_OFFSET=0]
201130 181106.436|INFO|Thread-84|dumpPacket|   key: CONTEST_IDENTIFIER is: java.lang.String Default-7975523185670437173
201130 181106.437|INFO|Thread-84|dumpPacket|   key: BALLOON_SETTINGS_LIST is: [Ledu.csus.ecs.pc2.core.model.BalloonSettings; [Ledu.csus.ecs.pc2.core.model.BalloonSettings;@230daee3
201130 181106.437|INFO|Thread-84|dumpPacket|   key: RUN_LIST is: [Ledu.csus.ecs.pc2.core.model.Run; [Ledu.csus.ecs.pc2.core.model.Run;@5f797059
201130 181106.437|INFO|Thread-84|dumpPacket|   key: ACCOUNT_ARRAY is: [Ledu.csus.ecs.pc2.core.model.Account; [Ledu.csus.ecs.pc2.core.model.Account;@18c24e29
201130 181210.467|INFO|Thread-103|run|send(Serializable)
201130 181210.471|INFO|Thread-82|connectionDropped|connectionDropped(ConnectionHandlerID myConnectionID) 
