201130 181108.481|CONFIG|qtp934275857-81|setFileHandlers|Now logging to /usr/local/pc2/logs directory.
201130 181108.481|INFO|qtp934275857-81|info|
201130 181108.482|INFO|qtp934275857-81|info|Version 9 () Java ver 11.0.9.1 build  Linux 5.4.0-1025-aws (amd64) 
201130 181108.482|INFO|qtp934275857-81|info|Login: team373 (aka team373)
201130 181108.482|INFO|qtp934275857-81|startLog|Working directory is /usr/local/pc2
201130 181108.482|INFO|qtp934275857-81|startLog|Process id is 47921@scoreboard3
201130 181108.483|INFO|qtp934275857-81|info|Contacting server at 10.0.3.175:50002 as TEAM373 @ site 0
201130 181108.484|INFO|qtp934275857-81|info|sendLoginRequest start - sending from TEAM373 @ site 0
201130 181108.484|INFO|qtp934275857-81|sendToLocalServer|Sending packet to server Packet[LOGIN_REQUEST] #5 TEAM373 @ site 0 -> SERVER0 @ site 0
201130 181108.484|INFO|qtp934275857-81|sendToLocalServer|Sent    packet to server Packet[LOGIN_REQUEST] #5 TEAM373 @ site 0 -> SERVER0 @ site 0
201130 181108.484|INFO|Thread-98|run|send(Serializable)
201130 181108.485|INFO|qtp934275857-81|info|sendLoginRequest end - packet sent.
201130 181108.490|INFO|Thread-97|receiveUnencrypted|receiveUnencrypted Made a secret key for Socket[addr=/10.0.3.175,port=50002,localport=57484]--3659421919741150613 key is com.sun.crypto.provider.DESKey@fffe7dd3
201130 181108.491|INFO|Thread-97|getPublicKeyPacket|Generating Unencrypted Public Key Packet
201130 181108.491|INFO|Thread-97|getPublicKeyPacket|checking key:= SunJCE Diffie-Hellman Public Key:
y:
    7bde7e6d 8cea6be9 155b7bdb 004fe776 8c8e82a9 fe9607d5 2515bfd2 f5d4cbac
    153cac08 824b54ce 4d6ebc51 1736b29a fdf44d52 983d23e8 c55a93d2 2c467000
    86995117 0f06f166 0d94e82b 9bc7aabe 7d5972ed d2a3656e a82f53ff 674d62cc
    e3612fb4 f1390d67 0e47721d 2851066f f16eac8b 9767bbd4 e76cf176 6bd34943
p:
    f488fd58 4e49dbcd 20b49de4 9107366b 336c380d 451d0f7c 88b31c7c 5b2d8ef6
    f3c923c0 43f0a55b 188d8ebb 558cb85d 38d334fd 7c175743 a31d186c de33212c
    b52aff3c e1b12940 18118d7c 84a70a72 d686c403 19c80729 7aca950c d9969fab
    d00a509b 0246d308 3d66a45d 419f9c7c bd894b22 1926baab a25ec355 e92f78c7
g:
    02
l:
    512
201130 181108.491|INFO|Thread-97|getPublicKeyPacket|packet:= edu.csus.ecs.pc2.core.transport.TransportWrapper@61d6e21f
201130 181108.495|INFO|Thread-97|receive|public void receive(SealedObject TransportPacket, ConnectionHandlerID connectionHandlerID)
201130 181108.496|INFO|Thread-99|info| receiveObject(S) start got Packet[LOGIN_FAILED] #99 SERVER0 @ site 1 -> TEAM373 @ site 0
201130 181108.496|INFO|Thread-99|dumpPacket|Packet LOGIN_FAILED (Seq #99, o#99 ) recieveObject
201130 181108.496|INFO|Thread-99|dumpPacket|  From: SERVER0 @ site 1, oSERVER0 @ site 1 (pc2 @ 10.0.3.175) (Contest Id: Default-7975523185670437173)
201130 181108.496|INFO|Thread-99|dumpPacket|    To: TEAM373 @ site 0
201130 181108.496|INFO|Thread-99|dumpPacket|   key: MESSAGE_STRING is: java.lang.String Invalid password
201130 181108.496|INFO|Thread-99|info|handlePacket start Packet[LOGIN_FAILED] #99 SERVER0 @ site 1 -> TEAM373 @ site 0
201130 181108.497|INFO|Thread-99|dumpPacket|Packet LOGIN_FAILED (Seq #99, o#99 ) handlePacket
201130 181108.497|INFO|Thread-99|dumpPacket|  From: SERVER0 @ site 1, oSERVER0 @ site 1 (pc2 @ 10.0.3.175) (Contest Id: Default-7975523185670437173)
201130 181108.497|INFO|Thread-99|dumpPacket|    To: TEAM373 @ site 0
201130 181108.497|INFO|Thread-99|dumpPacket|   key: MESSAGE_STRING is: java.lang.String Invalid password
201130 181108.497|INFO|Thread-99|info| receiveObject(S) end   got Packet[LOGIN_FAILED] #99 SERVER0 @ site 1 -> TEAM373 @ site 0
