201130 181223.040|CONFIG|qtp934275857-95|setFileHandlers|Now logging to /usr/local/pc2/logs directory.
201130 181223.040|INFO|qtp934275857-95|info|
201130 181223.040|INFO|qtp934275857-95|info|Version 9 () Java ver 11.0.9.1 build  Linux 5.4.0-1025-aws (amd64) 
201130 181223.040|INFO|qtp934275857-95|info|Login: team1 (aka team1)
201130 181223.040|INFO|qtp934275857-95|startLog|Working directory is /usr/local/pc2
201130 181223.041|INFO|qtp934275857-95|startLog|Process id is 47921@scoreboard3
201130 181223.041|INFO|qtp934275857-95|info|Contacting server at 10.0.3.175:50002 as TEAM1 @ site 0
201130 181223.041|INFO|qtp934275857-95|info|sendLoginRequest start - sending from TEAM1 @ site 0
201130 181223.041|INFO|qtp934275857-95|sendToLocalServer|Sending packet to server Packet[LOGIN_REQUEST] #9 TEAM1 @ site 0 -> SERVER0 @ site 0
201130 181223.042|INFO|qtp934275857-95|sendToLocalServer|Sent    packet to server Packet[LOGIN_REQUEST] #9 TEAM1 @ site 0 -> SERVER0 @ site 0
201130 181223.042|INFO|Thread-108|run|send(Serializable)
201130 181223.042|INFO|qtp934275857-95|info|sendLoginRequest end - packet sent.
201130 181223.045|INFO|Thread-107|receiveUnencrypted|receiveUnencrypted(TransportWrapper, ConnectionHandlerID=Socket[addr=/10.0.3.175,port=50002,localport=57490]--8688238603384320089)
201130 181223.046|INFO|Thread-107|receiveUnencrypted|receiveUnencrypted Made a secret key for Socket[addr=/10.0.3.175,port=50002,localport=57490]--8688238603384320089 key is com.sun.crypto.provider.DESKey@1876a
201130 181223.046|INFO|Thread-107|getPublicKeyPacket|Generating Unencrypted Public Key Packet
201130 181223.046|INFO|Thread-107|getPublicKeyPacket|checking key:= SunJCE Diffie-Hellman Public Key:
y:
    d5c70e2a e6d6a918 6bd3278c 4fa78870 f941fa69 efaca551 f0d61cd3 683aef5e
    dbbb60c3 1f53e88a f44e6074 7e55722b dd47ba91 51f1d130 ed79fbb9 6cdb5c86
    d254a8b3 4efbc125 e8435a98 30d7c3b1 4810f063 426e6320 6f002679 f7af7b07
    0a27f20a 23ac3847 ec01066c 7a6991c6 289b227f 3b1c012a abffb7e5 23fab165
p:
    f488fd58 4e49dbcd 20b49de4 9107366b 336c380d 451d0f7c 88b31c7c 5b2d8ef6
    f3c923c0 43f0a55b 188d8ebb 558cb85d 38d334fd 7c175743 a31d186c de33212c
    b52aff3c e1b12940 18118d7c 84a70a72 d686c403 19c80729 7aca950c d9969fab
    d00a509b 0246d308 3d66a45d 419f9c7c bd894b22 1926baab a25ec355 e92f78c7
g:
    02
l:
    512
201130 181223.046|INFO|Thread-107|getPublicKeyPacket|packet:= edu.csus.ecs.pc2.core.transport.TransportWrapper@69005d92
201130 181223.058|INFO|Thread-107|receive|public void receive(SealedObject TransportPacket, ConnectionHandlerID connectionHandlerID)
201130 181223.062|INFO|Thread-109|info| receiveObject(S) start got Packet[LOGIN_SUCCESS] #110 SERVER0 @ site 1 -> TEAM1 @ site 1
201130 181223.062|INFO|Thread-109|dumpPacket|Packet LOGIN_SUCCESS (Seq #110, o#110 ) recieveObject
201130 181223.062|INFO|Thread-109|dumpPacket|  From: SERVER0 @ site 1, oSERVER0 @ site 1 (pc2 @ 10.0.3.175) (Contest Id: Default-7975523185670437173)
201130 181223.062|INFO|Thread-109|dumpPacket|    To: TEAM1 @ site 1
201130 181223.062|INFO|Thread-109|dumpPacket|   key: PROFILE_LIST is: [Ledu.csus.ecs.pc2.core.model.Profile; [Ledu.csus.ecs.pc2.core.model.Profile;@53f2e96a
201130 181223.062|INFO|Thread-109|dumpPacket|   key: GENERAL_PROBLEM is: edu.csus.ecs.pc2.core.model.Problem General
201130 181223.062|INFO|Thread-109|dumpPacket|   key: CLIENT_SETTINGS_LIST is: [Ledu.csus.ecs.pc2.core.model.ClientSettings; [Ledu.csus.ecs.pc2.core.model.ClientSettings;@5d350d64
201130 181223.062|INFO|Thread-109|dumpPacket|   key: CONTEST_TIME is: edu.csus.ecs.pc2.core.model.ContestTime edu.csus.ecs.pc2.core.model.ContestTime@590a821a
201130 181223.062|INFO|Thread-109|dumpPacket|   key: CLARIFICATION_LIST is: [Ledu.csus.ecs.pc2.core.model.Clarification; [Ledu.csus.ecs.pc2.core.model.Clarification;@1c08075f
201130 181223.062|INFO|Thread-109|dumpPacket|   key: CATEGORY_LIST is: [Ledu.csus.ecs.pc2.core.model.Category; [Ledu.csus.ecs.pc2.core.model.Category;@58f5040d
201130 181223.062|INFO|Thread-109|dumpPacket|   key: LANGUAGE_LIST is: [Ledu.csus.ecs.pc2.core.model.Language; [Ledu.csus.ecs.pc2.core.model.Language;@2d5e7c5a
201130 181223.062|INFO|Thread-109|dumpPacket|   key: REMOTE_LOGGED_IN_USERS is: [Ledu.csus.ecs.pc2.core.model.ClientId; [Ledu.csus.ecs.pc2.core.model.ClientId;@204921b9
201130 181223.063|INFO|Thread-109|dumpPacket|   key: CONTEST_TIME_LIST is: [Ledu.csus.ecs.pc2.core.model.ContestTime; [Ledu.csus.ecs.pc2.core.model.ContestTime;@7c27f810
201130 181223.063|INFO|Thread-109|dumpPacket|   key: CONNECTION_HANDLE_ID_LIST is: [Ledu.csus.ecs.pc2.core.transport.ConnectionHandlerID; [Ledu.csus.ecs.pc2.core.transport.ConnectionHandlerID;@c025ef5
201130 181223.063|INFO|Thread-109|dumpPacket|   key: PROFILE is: edu.csus.ecs.pc2.core.model.Profile Default-7975523185670437173
201130 181223.063|INFO|Thread-109|dumpPacket|   key: CLIENT_ID is: edu.csus.ecs.pc2.core.model.ClientId TEAM1 @ site 1
201130 181223.063|INFO|Thread-109|dumpPacket|   key: SITE_NUMBER is: java.lang.Integer 1
201130 181223.063|INFO|Thread-109|dumpPacket|   key: CONTEST_INFORMATION is: edu.csus.ecs.pc2.core.model.ContestInformation edu.csus.ecs.pc2.core.model.ContestInformation@52e04f83
201130 181223.063|INFO|Thread-109|dumpPacket|   key: SITE_LIST is: [Ledu.csus.ecs.pc2.core.model.Site; [Ledu.csus.ecs.pc2.core.model.Site;@3b4de88f
201130 181223.063|INFO|Thread-109|dumpPacket|   key: PROBLEM_DATA_FILES is: [Ledu.csus.ecs.pc2.core.model.ProblemDataFiles; [Ledu.csus.ecs.pc2.core.model.ProblemDataFiles;@7869608e
201130 181223.063|INFO|Thread-109|dumpPacket|   key: JUDGEMENT_LIST is: [Ledu.csus.ecs.pc2.core.model.Judgement; [Ledu.csus.ecs.pc2.core.model.Judgement;@66826c80
201130 181223.063|INFO|Thread-109|dumpPacket|   key: PROBLEM_LIST is: [Ledu.csus.ecs.pc2.core.model.Problem; [Ledu.csus.ecs.pc2.core.model.Problem;@364eab84
201130 181223.063|INFO|Thread-109|dumpPacket|   key: GROUP_LIST is: [Ledu.csus.ecs.pc2.core.model.Group; [Ledu.csus.ecs.pc2.core.model.Group;@62933452
201130 181223.063|INFO|Thread-109|dumpPacket|   key: LOCAL_LOGGED_IN_USERS is: [Ledu.csus.ecs.pc2.core.model.ClientId; [Ledu.csus.ecs.pc2.core.model.ClientId;@51cd559e
201130 181223.063|INFO|Thread-109|dumpPacket|   key: SERVER_CLOCK_OFFSET is: java.util.GregorianCalendar java.util.GregorianCalendar[time=1606759943053,areFieldsSet=true,areAllFieldsSet=false,lenient=true,zone=sun.util.calendar.ZoneInfo[id="GMT",offset=0,dstSavings=0,useDaylight=false,transitions=0,lastRule=null],firstDayOfWeek=1,minimalDaysInFirstWeek=1,ERA=1,YEAR=2020,MONTH=10,WEEK_OF_YEAR=49,WEEK_OF_MONTH=5,DAY_OF_MONTH=30,DAY_OF_YEAR=335,DAY_OF_WEEK=2,DAY_OF_WEEK_IN_MONTH=5,AM_PM=1,HOUR=6,HOUR_OF_DAY=18,MINUTE=12,SECOND=23,MILLISECOND=53,ZONE_OFFSET=0,DST_OFFSET=0]
201130 181223.063|INFO|Thread-109|dumpPacket|   key: CONTEST_IDENTIFIER is: java.lang.String Default-7975523185670437173
201130 181223.063|INFO|Thread-109|dumpPacket|   key: BALLOON_SETTINGS_LIST is: [Ledu.csus.ecs.pc2.core.model.BalloonSettings; [Ledu.csus.ecs.pc2.core.model.BalloonSettings;@245ec54b
201130 181223.063|INFO|Thread-109|dumpPacket|   key: RUN_LIST is: [Ledu.csus.ecs.pc2.core.model.Run; [Ledu.csus.ecs.pc2.core.model.Run;@670f48cf
201130 181223.063|INFO|Thread-109|dumpPacket|   key: ACCOUNT_ARRAY is: [Ledu.csus.ecs.pc2.core.model.Account; [Ledu.csus.ecs.pc2.core.model.Account;@1c45c1d8
201130 181223.063|INFO|Thread-109|info|handlePacket start Packet[LOGIN_SUCCESS] #110 SERVER0 @ site 1 -> TEAM1 @ site 1
201130 181223.063|INFO|Thread-109|dumpPacket|Packet LOGIN_SUCCESS (Seq #110, o#110 ) handlePacket
201130 181223.063|INFO|Thread-109|dumpPacket|  From: SERVER0 @ site 1, oSERVER0 @ site 1 (pc2 @ 10.0.3.175) (Contest Id: Default-7975523185670437173)
201130 181223.063|INFO|Thread-109|dumpPacket|    To: TEAM1 @ site 1
201130 181223.063|INFO|Thread-109|dumpPacket|   key: PROFILE_LIST is: [Ledu.csus.ecs.pc2.core.model.Profile; [Ledu.csus.ecs.pc2.core.model.Profile;@53f2e96a
201130 181223.063|INFO|Thread-109|dumpPacket|   key: GENERAL_PROBLEM is: edu.csus.ecs.pc2.core.model.Problem General
201130 181223.063|INFO|Thread-109|dumpPacket|   key: CLIENT_SETTINGS_LIST is: [Ledu.csus.ecs.pc2.core.model.ClientSettings; [Ledu.csus.ecs.pc2.core.model.ClientSettings;@5d350d64
201130 181223.063|INFO|Thread-109|dumpPacket|   key: CONTEST_TIME is: edu.csus.ecs.pc2.core.model.ContestTime edu.csus.ecs.pc2.core.model.ContestTime@590a821a
201130 181223.063|INFO|Thread-109|dumpPacket|   key: CLARIFICATION_LIST is: [Ledu.csus.ecs.pc2.core.model.Clarification; [Ledu.csus.ecs.pc2.core.model.Clarification;@1c08075f
201130 181223.063|INFO|Thread-109|dumpPacket|   key: CATEGORY_LIST is: [Ledu.csus.ecs.pc2.core.model.Category; [Ledu.csus.ecs.pc2.core.model.Category;@58f5040d
201130 181223.063|INFO|Thread-109|dumpPacket|   key: LANGUAGE_LIST is: [Ledu.csus.ecs.pc2.core.model.Language; [Ledu.csus.ecs.pc2.core.model.Language;@2d5e7c5a
201130 181223.063|INFO|Thread-109|dumpPacket|   key: REMOTE_LOGGED_IN_USERS is: [Ledu.csus.ecs.pc2.core.model.ClientId; [Ledu.csus.ecs.pc2.core.model.ClientId;@204921b9
201130 181223.063|INFO|Thread-109|dumpPacket|   key: CONTEST_TIME_LIST is: [Ledu.csus.ecs.pc2.core.model.ContestTime; [Ledu.csus.ecs.pc2.core.model.ContestTime;@7c27f810
201130 181223.063|INFO|Thread-109|dumpPacket|   key: CONNECTION_HANDLE_ID_LIST is: [Ledu.csus.ecs.pc2.core.transport.ConnectionHandlerID; [Ledu.csus.ecs.pc2.core.transport.ConnectionHandlerID;@c025ef5
201130 181223.064|INFO|Thread-109|dumpPacket|   key: PROFILE is: edu.csus.ecs.pc2.core.model.Profile Default-7975523185670437173
201130 181223.064|INFO|Thread-109|dumpPacket|   key: CLIENT_ID is: edu.csus.ecs.pc2.core.model.ClientId TEAM1 @ site 1
201130 181223.064|INFO|Thread-109|dumpPacket|   key: SITE_NUMBER is: java.lang.Integer 1
201130 181223.064|INFO|Thread-109|dumpPacket|   key: CONTEST_INFORMATION is: edu.csus.ecs.pc2.core.model.ContestInformation edu.csus.ecs.pc2.core.model.ContestInformation@52e04f83
201130 181223.064|INFO|Thread-109|dumpPacket|   key: SITE_LIST is: [Ledu.csus.ecs.pc2.core.model.Site; [Ledu.csus.ecs.pc2.core.model.Site;@3b4de88f
201130 181223.064|INFO|Thread-109|dumpPacket|   key: PROBLEM_DATA_FILES is: [Ledu.csus.ecs.pc2.core.model.ProblemDataFiles; [Ledu.csus.ecs.pc2.core.model.ProblemDataFiles;@7869608e
201130 181223.064|INFO|Thread-109|dumpPacket|   key: JUDGEMENT_LIST is: [Ledu.csus.ecs.pc2.core.model.Judgement; [Ledu.csus.ecs.pc2.core.model.Judgement;@66826c80
201130 181223.064|INFO|Thread-109|dumpPacket|   key: PROBLEM_LIST is: [Ledu.csus.ecs.pc2.core.model.Problem; [Ledu.csus.ecs.pc2.core.model.Problem;@364eab84
201130 181223.064|INFO|Thread-109|dumpPacket|   key: GROUP_LIST is: [Ledu.csus.ecs.pc2.core.model.Group; [Ledu.csus.ecs.pc2.core.model.Group;@62933452
201130 181223.064|INFO|Thread-109|dumpPacket|   key: LOCAL_LOGGED_IN_USERS is: [Ledu.csus.ecs.pc2.core.model.ClientId; [Ledu.csus.ecs.pc2.core.model.ClientId;@51cd559e
201130 181223.064|INFO|Thread-109|dumpPacket|   key: SERVER_CLOCK_OFFSET is: java.util.GregorianCalendar java.util.GregorianCalendar[time=1606759943053,areFieldsSet=true,areAllFieldsSet=false,lenient=true,zone=sun.util.calendar.ZoneInfo[id="GMT",offset=0,dstSavings=0,useDaylight=false,transitions=0,lastRule=null],firstDayOfWeek=1,minimalDaysInFirstWeek=1,ERA=1,YEAR=2020,MONTH=10,WEEK_OF_YEAR=49,WEEK_OF_MONTH=5,DAY_OF_MONTH=30,DAY_OF_YEAR=335,DAY_OF_WEEK=2,DAY_OF_WEEK_IN_MONTH=5,AM_PM=1,HOUR=6,HOUR_OF_DAY=18,MINUTE=12,SECOND=23,MILLISECOND=53,ZONE_OFFSET=0,DST_OFFSET=0]
201130 181223.064|INFO|Thread-109|dumpPacket|   key: CONTEST_IDENTIFIER is: java.lang.String Default-7975523185670437173
201130 181223.064|INFO|Thread-109|dumpPacket|   key: BALLOON_SETTINGS_LIST is: [Ledu.csus.ecs.pc2.core.model.BalloonSettings; [Ledu.csus.ecs.pc2.core.model.BalloonSettings;@245ec54b
201130 181223.064|INFO|Thread-109|dumpPacket|   key: RUN_LIST is: [Ledu.csus.ecs.pc2.core.model.Run; [Ledu.csus.ecs.pc2.core.model.Run;@670f48cf
201130 181223.064|INFO|Thread-109|dumpPacket|   key: ACCOUNT_ARRAY is: [Ledu.csus.ecs.pc2.core.model.Account; [Ledu.csus.ecs.pc2.core.model.Account;@1c45c1d8
201130 181232.043|INFO|Thread-111|run|send(Serializable)
201130 181232.046|INFO|Thread-107|connectionDropped|connectionDropped(ConnectionHandlerID myConnectionID) 
