201130 181215.461|CONFIG|qtp934275857-81|setFileHandlers|Now logging to /usr/local/pc2/logs directory.
201130 181215.461|INFO|qtp934275857-81|info|
201130 181215.461|INFO|qtp934275857-81|info|Version 9 () Java ver 11.0.9.1 build  Linux 5.4.0-1025-aws (amd64) 
201130 181215.461|INFO|qtp934275857-81|info|Login: team1 (aka team1)
201130 181215.461|INFO|qtp934275857-81|startLog|Working directory is /usr/local/pc2
201130 181215.462|INFO|qtp934275857-81|startLog|Process id is 47921@scoreboard3
201130 181215.462|INFO|qtp934275857-81|info|Contacting server at 10.0.3.175:50002 as TEAM1 @ site 0
201130 181215.462|INFO|qtp934275857-81|info|sendLoginRequest start - sending from TEAM1 @ site 0
201130 181215.462|INFO|qtp934275857-81|sendToLocalServer|Sending packet to server Packet[LOGIN_REQUEST] #8 TEAM1 @ site 0 -> SERVER0 @ site 0
201130 181215.462|INFO|Thread-104|receiveUnencrypted|receiveUnencrypted(TransportWrapper, ConnectionHandlerID=Socket[addr=/10.0.3.175,port=50002,localport=57488]--9079659746402791648)
201130 181215.462|INFO|Thread-105|run|send(Serializable)
201130 181215.462|INFO|qtp934275857-81|sendToLocalServer|Sent    packet to server Packet[LOGIN_REQUEST] #8 TEAM1 @ site 0 -> SERVER0 @ site 0
201130 181215.465|INFO|qtp934275857-81|info|sendLoginRequest end - packet sent.
201130 181215.465|INFO|Thread-104|receiveUnencrypted|receiveUnencrypted Made a secret key for Socket[addr=/10.0.3.175,port=50002,localport=57488]--9079659746402791648 key is com.sun.crypto.provider.DESKey@fffe7ac7
201130 181215.465|INFO|Thread-104|getPublicKeyPacket|Generating Unencrypted Public Key Packet
201130 181215.466|INFO|Thread-104|getPublicKeyPacket|checking key:= SunJCE Diffie-Hellman Public Key:
y:
    23993c93 aaa102ed cf1795dc 5356df95 e9463ac8 b48b85a3 049b775b f1890e15
    2bc493df 41778b9c 10b2ba0e 7a9b24d7 00218e90 a5bf62f7 2c8e047d 7ccdd2e3
    c88bf57d c5553d76 9dd93565 ce1cd8d9 29f4b255 dd062b34 2b8d3158 d006546d
    ae68244c 6bcd6527 f4b14dfb b64c35d3 4a2c088a ee53f901 1393d924 d60cee41
p:
    f488fd58 4e49dbcd 20b49de4 9107366b 336c380d 451d0f7c 88b31c7c 5b2d8ef6
    f3c923c0 43f0a55b 188d8ebb 558cb85d 38d334fd 7c175743 a31d186c de33212c
    b52aff3c e1b12940 18118d7c 84a70a72 d686c403 19c80729 7aca950c d9969fab
    d00a509b 0246d308 3d66a45d 419f9c7c bd894b22 1926baab a25ec355 e92f78c7
g:
    02
l:
    512
201130 181215.466|INFO|Thread-104|getPublicKeyPacket|packet:= edu.csus.ecs.pc2.core.transport.TransportWrapper@5c226517
201130 181215.473|INFO|Thread-104|receive|public void receive(SealedObject TransportPacket, ConnectionHandlerID connectionHandlerID)
201130 181215.479|INFO|Thread-106|info| receiveObject(S) start got Packet[LOGIN_SUCCESS] #105 SERVER0 @ site 1 -> TEAM1 @ site 1
201130 181215.480|INFO|Thread-106|dumpPacket|Packet LOGIN_SUCCESS (Seq #105, o#105 ) recieveObject
201130 181215.480|INFO|Thread-106|dumpPacket|  From: SERVER0 @ site 1, oSERVER0 @ site 1 (pc2 @ 10.0.3.175) (Contest Id: Default-7975523185670437173)
201130 181215.480|INFO|Thread-106|dumpPacket|    To: TEAM1 @ site 1
201130 181215.480|INFO|Thread-106|dumpPacket|   key: PROFILE_LIST is: [Ledu.csus.ecs.pc2.core.model.Profile; [Ledu.csus.ecs.pc2.core.model.Profile;@50bde185
201130 181215.480|INFO|Thread-106|dumpPacket|   key: GENERAL_PROBLEM is: edu.csus.ecs.pc2.core.model.Problem General
201130 181215.480|INFO|Thread-106|dumpPacket|   key: CLIENT_SETTINGS_LIST is: [Ledu.csus.ecs.pc2.core.model.ClientSettings; [Ledu.csus.ecs.pc2.core.model.ClientSettings;@5e7a05e2
201130 181215.480|INFO|Thread-106|dumpPacket|   key: CONTEST_TIME is: edu.csus.ecs.pc2.core.model.ContestTime edu.csus.ecs.pc2.core.model.ContestTime@5a458af5
201130 181215.480|INFO|Thread-106|dumpPacket|   key: CLARIFICATION_LIST is: [Ledu.csus.ecs.pc2.core.model.Clarification; [Ledu.csus.ecs.pc2.core.model.Clarification;@1f470fd9
201130 181215.480|INFO|Thread-106|dumpPacket|   key: CATEGORY_LIST is: [Ledu.csus.ecs.pc2.core.model.Category; [Ledu.csus.ecs.pc2.core.model.Category;@20c9747d
201130 181215.480|INFO|Thread-106|dumpPacket|   key: LANGUAGE_LIST is: [Ledu.csus.ecs.pc2.core.model.Language; [Ledu.csus.ecs.pc2.core.model.Language;@2e123093
201130 181215.480|INFO|Thread-106|dumpPacket|   key: REMOTE_LOGGED_IN_USERS is: [Ledu.csus.ecs.pc2.core.model.ClientId; [Ledu.csus.ecs.pc2.core.model.ClientId;@58761586
201130 181215.480|INFO|Thread-106|dumpPacket|   key: CONTEST_TIME_LIST is: [Ledu.csus.ecs.pc2.core.model.ContestTime; [Ledu.csus.ecs.pc2.core.model.ContestTime;@7f68f096
201130 181215.480|INFO|Thread-106|dumpPacket|   key: CONNECTION_HANDLE_ID_LIST is: [Ledu.csus.ecs.pc2.core.transport.ConnectionHandlerID; [Ledu.csus.ecs.pc2.core.transport.ConnectionHandlerID;@1469199a
201130 181215.480|INFO|Thread-106|dumpPacket|   key: PROFILE is: edu.csus.ecs.pc2.core.model.Profile Default-7975523185670437173
201130 181215.480|INFO|Thread-106|dumpPacket|   key: CLIENT_ID is: edu.csus.ecs.pc2.core.model.ClientId TEAM1 @ site 1
201130 181215.480|INFO|Thread-106|dumpPacket|   key: SITE_NUMBER is: java.lang.Integer 1
201130 181215.480|INFO|Thread-106|dumpPacket|   key: CONTEST_INFORMATION is: edu.csus.ecs.pc2.core.model.ContestInformation edu.csus.ecs.pc2.core.model.ContestInformation@2bc0352c
201130 181215.480|INFO|Thread-106|dumpPacket|   key: SITE_LIST is: [Ledu.csus.ecs.pc2.core.model.Site; [Ledu.csus.ecs.pc2.core.model.Site;@4372dff7
201130 181215.480|INFO|Thread-106|dumpPacket|   key: PROBLEM_DATA_FILES is: [Ledu.csus.ecs.pc2.core.model.ProblemDataFiles; [Ledu.csus.ecs.pc2.core.model.ProblemDataFiles;@7b266b4f
201130 181215.480|INFO|Thread-106|dumpPacket|   key: JUDGEMENT_LIST is: [Ledu.csus.ecs.pc2.core.model.Judgement; [Ledu.csus.ecs.pc2.core.model.Judgement;@275f0878
201130 181215.480|INFO|Thread-106|dumpPacket|   key: PROBLEM_LIST is: [Ledu.csus.ecs.pc2.core.model.Problem; [Ledu.csus.ecs.pc2.core.model.Problem;@d9c20ea
201130 181215.480|INFO|Thread-106|dumpPacket|   key: GROUP_LIST is: [Ledu.csus.ecs.pc2.core.model.Group; [Ledu.csus.ecs.pc2.core.model.Group;@5844cbc9
201130 181215.481|INFO|Thread-106|dumpPacket|   key: LOCAL_LOGGED_IN_USERS is: [Ledu.csus.ecs.pc2.core.model.ClientId; [Ledu.csus.ecs.pc2.core.model.ClientId;@1070af9d
201130 181215.481|INFO|Thread-106|dumpPacket|   key: SERVER_CLOCK_OFFSET is: java.util.GregorianCalendar java.util.GregorianCalendar[time=1606759935471,areFieldsSet=true,areAllFieldsSet=false,lenient=true,zone=sun.util.calendar.ZoneInfo[id="GMT",offset=0,dstSavings=0,useDaylight=false,transitions=0,lastRule=null],firstDayOfWeek=1,minimalDaysInFirstWeek=1,ERA=1,YEAR=2020,MONTH=10,WEEK_OF_YEAR=49,WEEK_OF_MONTH=5,DAY_OF_MONTH=30,DAY_OF_YEAR=335,DAY_OF_WEEK=2,DAY_OF_WEEK_IN_MONTH=5,AM_PM=1,HOUR=6,HOUR_OF_DAY=18,MINUTE=12,SECOND=15,MILLISECOND=471,ZONE_OFFSET=0,DST_OFFSET=0]
201130 181215.481|INFO|Thread-106|dumpPacket|   key: CONTEST_IDENTIFIER is: java.lang.String Default-7975523185670437173
201130 181215.481|INFO|Thread-106|dumpPacket|   key: BALLOON_SETTINGS_LIST is: [Ledu.csus.ecs.pc2.core.model.BalloonSettings; [Ledu.csus.ecs.pc2.core.model.BalloonSettings;@4f337923
201130 181215.481|INFO|Thread-106|dumpPacket|   key: RUN_LIST is: [Ledu.csus.ecs.pc2.core.model.Run; [Ledu.csus.ecs.pc2.core.model.Run;@23449b5f
201130 181215.481|INFO|Thread-106|dumpPacket|   key: ACCOUNT_ARRAY is: [Ledu.csus.ecs.pc2.core.model.Account; [Ledu.csus.ecs.pc2.core.model.Account;@5d20167d
201130 181215.481|INFO|Thread-106|info|handlePacket start Packet[LOGIN_SUCCESS] #105 SERVER0 @ site 1 -> TEAM1 @ site 1
201130 181215.481|INFO|Thread-106|dumpPacket|Packet LOGIN_SUCCESS (Seq #105, o#105 ) handlePacket
201130 181215.481|INFO|Thread-106|dumpPacket|  From: SERVER0 @ site 1, oSERVER0 @ site 1 (pc2 @ 10.0.3.175) (Contest Id: Default-7975523185670437173)
201130 181215.481|INFO|Thread-106|dumpPacket|    To: TEAM1 @ site 1
201130 181215.481|INFO|Thread-106|dumpPacket|   key: PROFILE_LIST is: [Ledu.csus.ecs.pc2.core.model.Profile; [Ledu.csus.ecs.pc2.core.model.Profile;@50bde185
201130 181215.481|INFO|Thread-106|dumpPacket|   key: GENERAL_PROBLEM is: edu.csus.ecs.pc2.core.model.Problem General
201130 181215.481|INFO|Thread-106|dumpPacket|   key: CLIENT_SETTINGS_LIST is: [Ledu.csus.ecs.pc2.core.model.ClientSettings; [Ledu.csus.ecs.pc2.core.model.ClientSettings;@5e7a05e2
201130 181215.481|INFO|Thread-106|dumpPacket|   key: CONTEST_TIME is: edu.csus.ecs.pc2.core.model.ContestTime edu.csus.ecs.pc2.core.model.ContestTime@5a458af5
201130 181215.481|INFO|Thread-106|dumpPacket|   key: CLARIFICATION_LIST is: [Ledu.csus.ecs.pc2.core.model.Clarification; [Ledu.csus.ecs.pc2.core.model.Clarification;@1f470fd9
201130 181215.481|INFO|Thread-106|dumpPacket|   key: CATEGORY_LIST is: [Ledu.csus.ecs.pc2.core.model.Category; [Ledu.csus.ecs.pc2.core.model.Category;@20c9747d
201130 181215.481|INFO|Thread-106|dumpPacket|   key: LANGUAGE_LIST is: [Ledu.csus.ecs.pc2.core.model.Language; [Ledu.csus.ecs.pc2.core.model.Language;@2e123093
201130 181215.481|INFO|Thread-106|dumpPacket|   key: REMOTE_LOGGED_IN_USERS is: [Ledu.csus.ecs.pc2.core.model.ClientId; [Ledu.csus.ecs.pc2.core.model.ClientId;@58761586
201130 181215.481|INFO|Thread-106|dumpPacket|   key: CONTEST_TIME_LIST is: [Ledu.csus.ecs.pc2.core.model.ContestTime; [Ledu.csus.ecs.pc2.core.model.ContestTime;@7f68f096
201130 181215.481|INFO|Thread-106|dumpPacket|   key: CONNECTION_HANDLE_ID_LIST is: [Ledu.csus.ecs.pc2.core.transport.ConnectionHandlerID; [Ledu.csus.ecs.pc2.core.transport.ConnectionHandlerID;@1469199a
201130 181215.481|INFO|Thread-106|dumpPacket|   key: PROFILE is: edu.csus.ecs.pc2.core.model.Profile Default-7975523185670437173
201130 181215.481|INFO|Thread-106|dumpPacket|   key: CLIENT_ID is: edu.csus.ecs.pc2.core.model.ClientId TEAM1 @ site 1
201130 181215.481|INFO|Thread-106|dumpPacket|   key: SITE_NUMBER is: java.lang.Integer 1
201130 181215.481|INFO|Thread-106|dumpPacket|   key: CONTEST_INFORMATION is: edu.csus.ecs.pc2.core.model.ContestInformation edu.csus.ecs.pc2.core.model.ContestInformation@2bc0352c
201130 181215.481|INFO|Thread-106|dumpPacket|   key: SITE_LIST is: [Ledu.csus.ecs.pc2.core.model.Site; [Ledu.csus.ecs.pc2.core.model.Site;@4372dff7
201130 181215.481|INFO|Thread-106|dumpPacket|   key: PROBLEM_DATA_FILES is: [Ledu.csus.ecs.pc2.core.model.ProblemDataFiles; [Ledu.csus.ecs.pc2.core.model.ProblemDataFiles;@7b266b4f
201130 181215.481|INFO|Thread-106|dumpPacket|   key: JUDGEMENT_LIST is: [Ledu.csus.ecs.pc2.core.model.Judgement; [Ledu.csus.ecs.pc2.core.model.Judgement;@275f0878
201130 181215.481|INFO|Thread-106|dumpPacket|   key: PROBLEM_LIST is: [Ledu.csus.ecs.pc2.core.model.Problem; [Ledu.csus.ecs.pc2.core.model.Problem;@d9c20ea
201130 181215.482|INFO|Thread-106|dumpPacket|   key: GROUP_LIST is: [Ledu.csus.ecs.pc2.core.model.Group; [Ledu.csus.ecs.pc2.core.model.Group;@5844cbc9
201130 181215.482|INFO|Thread-106|dumpPacket|   key: LOCAL_LOGGED_IN_USERS is: [Ledu.csus.ecs.pc2.core.model.ClientId; [Ledu.csus.ecs.pc2.core.model.ClientId;@1070af9d
201130 181215.482|INFO|Thread-106|dumpPacket|   key: SERVER_CLOCK_OFFSET is: java.util.GregorianCalendar java.util.GregorianCalendar[time=1606759935471,areFieldsSet=true,areAllFieldsSet=false,lenient=true,zone=sun.util.calendar.ZoneInfo[id="GMT",offset=0,dstSavings=0,useDaylight=false,transitions=0,lastRule=null],firstDayOfWeek=1,minimalDaysInFirstWeek=1,ERA=1,YEAR=2020,MONTH=10,WEEK_OF_YEAR=49,WEEK_OF_MONTH=5,DAY_OF_MONTH=30,DAY_OF_YEAR=335,DAY_OF_WEEK=2,DAY_OF_WEEK_IN_MONTH=5,AM_PM=1,HOUR=6,HOUR_OF_DAY=18,MINUTE=12,SECOND=15,MILLISECOND=471,ZONE_OFFSET=0,DST_OFFSET=0]
201130 181215.482|INFO|Thread-106|dumpPacket|   key: CONTEST_IDENTIFIER is: java.lang.String Default-7975523185670437173
201130 181215.482|INFO|Thread-106|dumpPacket|   key: BALLOON_SETTINGS_LIST is: [Ledu.csus.ecs.pc2.core.model.BalloonSettings; [Ledu.csus.ecs.pc2.core.model.BalloonSettings;@4f337923
201130 181215.482|INFO|Thread-106|dumpPacket|   key: RUN_LIST is: [Ledu.csus.ecs.pc2.core.model.Run; [Ledu.csus.ecs.pc2.core.model.Run;@23449b5f
201130 181215.482|INFO|Thread-106|dumpPacket|   key: ACCOUNT_ARRAY is: [Ledu.csus.ecs.pc2.core.model.Account; [Ledu.csus.ecs.pc2.core.model.Account;@5d20167d
201130 181223.058|INFO|Thread-104|connectionDropped|connectionDropped(ConnectionHandlerID myConnectionID) 
